app/build/outputs/logs/manifest-merger-debug-report.txt
-- Merging decision tree log ---
manifest
ADDED from src\main\AndroidManifest.xml:2:1-118:12
	package
		ADDED from src\main\AndroidManifest.xml:3:11-33
		INJECTED from src\main\AndroidManifest.xml
		INJECTED from src\main\AndroidManifest.xml
	android:versionName
		ADDED from src\main\AndroidManifest.xml:5:11-36
		INJECTED from src\main\AndroidManifest.xml
		INJECTED from src\main\AndroidManifest.xml
	android:versionCode
		ADDED from src\main\AndroidManifest.xml:4:11-34
		INJECTED from src\main\AndroidManifest.xml
		INJECTED from src\main\AndroidManifest.xml
	xmlns:android
		ADDED from src\main\AndroidManifest.xml:2:11-69
uses-sdk
ADDED from src\main\AndroidManifest.xml:7:5-9:40
MERGED from [retrofitokhttprxjava:recycle-adapter:unspecified] AndroidManifest.xml:5:5-7:41
MERGED from [retrofitokhttprxjava:OneKeyShareNew:unspecified] AndroidManifest.xml:7:5-9:41
MERGED from [retrofitokhttprxjava:tpnet:unspecified] AndroidManifest.xml:5:5-7:41
MERGED from [retrofitokhttprxjava:utils-box:unspecified] AndroidManifest.xml:5:5-7:41
MERGED from [de.hdodenhof:circleimageview:2.0.0] AndroidManifest.xml:5:5-7:41
MERGED from [com.orhanobut:hawk:2.0.1] AndroidManifest.xml:6:5-44
MERGED from [com.facebook.conceal:conceal:1.1.3] AndroidManifest.xml:12:5-14:41
MERGED from [io.reactivex:rxandroid:1.2.1] AndroidManifest.xml:19:5-43
MERGED from [retrofitokhttprxjava:banner:1.4.8] AndroidManifest.xml:5:5-7:41
MERGED from [com.jakewharton:butterknife:8.5.1] AndroidManifest.xml:5:5-43
MERGED from [com.android.support:multidex:1.0.1] AndroidManifest.xml:18:5-42
MERGED from [in.srain.cube:ultra-ptr:1.0.11] AndroidManifest.xml:7:5-9:41
MERGED from [com.android.support:design:25.1.0] AndroidManifest.xml:21:5-23:62
MERGED from [com.android.support:recyclerview-v7:25.1.0] AndroidManifest.xml:20:5-43
MERGED from [com.android.support:transition:25.1.0] AndroidManifest.xml:20:5-44
MERGED from [com.android.support:appcompat-v7:25.1.0] AndroidManifest.xml:21:5-23:78
MERGED from [com.android.support:support-v4:25.1.0] AndroidManifest.xml:21:5-23:54
MERGED from [com.android.support:support-fragment:25.1.0] AndroidManifest.xml:21:5-23:60
MERGED from [com.android.support:support-media-compat:25.1.0] AndroidManifest.xml:21:5-23:63
MERGED from [com.android.support:support-core-ui:25.1.0] AndroidManifest.xml:21:5-23:58
MERGED from [com.android.support:support-core-utils:25.1.0] AndroidManifest.xml:21:5-23:61
MERGED from [com.android.support:animated-vector-drawable:25.1.0] AndroidManifest.xml:20:5-44
MERGED from [com.android.support:support-vector-drawable:25.1.0] AndroidManifest.xml:21:5-43
MERGED from [com.android.support:support-compat:25.1.0] AndroidManifest.xml:21:5-23:58
	tools:overrideLibrary
		ADDED from [com.android.support:design:25.1.0] AndroidManifest.xml:23:9-59
	android:targetSdkVersion
		ADDED from src\main\AndroidManifest.xml:9:9-38
		INJECTED from src\main\AndroidManifest.xml
		INJECTED from src\main\AndroidManifest.xml
	android:minSdkVersion
		ADDED from src\main\AndroidManifest.xml:8:9-35
		INJECTED from src\main\AndroidManifest.xml
		INJECTED from src\main\AndroidManifest.xml
uses-permission#android.permission.CALL_PHONE
ADDED from src\main\AndroidManifest.xml:11:5-68
	android:name
		ADDED from src\main\AndroidManifest.xml:11:22-66
uses-permission#android.permission.INTERNET
ADDED from src\main\AndroidManifest.xml:12:5-66
	android:name
		ADDED from src\main\AndroidManifest.xml:12:22-64
uses-permission#android.permission.CAMERA
ADDED from src\main\AndroidManifest.xml:13:5-64
	android:name
		ADDED from src\main\AndroidManifest.xml:13:22-62
uses-permission#android.permission.WRITE_EXTERNAL_STORAGE
ADDED from src\main\AndroidManifest.xml:14:5-80
	android:name
		ADDED from src\main\AndroidManifest.xml:14:22-78
uses-permission#android.permission.READ_EXTERNAL_STORAGE
ADDED from src\main\AndroidManifest.xml:15:5-79
	android:name
		ADDED from src\main\AndroidManifest.xml:15:22-77
uses-permission#android.permission.RECORD_AUDIO
ADDED from src\main\AndroidManifest.xml:16:5-70
	android:name
		ADDED from src\main\AndroidManifest.xml:16:22-68
uses-permission#android.permission.MOUNT_UNMOUNT_FILESYSTEMS
ADDED from src\main\AndroidManifest.xml:22:5-23:23
	android:name
		ADDED from src\main\AndroidManifest.xml:22:22-81
uses-permission#android.permission.VIBRATE
ADDED from src\main\AndroidManifest.xml:27:5-65
	android:name
		ADDED from src\main\AndroidManifest.xml:27:22-63
uses-permission#android.permission.FLASHLIGHT
ADDED from src\main\AndroidManifest.xml:28:5-68
	android:name
		ADDED from src\main\AndroidManifest.xml:28:22-66
uses-permission#android.permission.ACCESS_COARSE_LOCATION
ADDED from src\main\AndroidManifest.xml:29:5-80
	android:name
		ADDED from src\main\AndroidManifest.xml:29:22-78
uses-permission#android.permission.ACCESS_NETWORK_STATE
ADDED from src\main\AndroidManifest.xml:30:5-78
	android:name
		ADDED from src\main\AndroidManifest.xml:30:22-76
uses-permission#android.permission.ACCESS_FINE_LOCATION
ADDED from src\main\AndroidManifest.xml:31:5-78
	android:name
		ADDED from src\main\AndroidManifest.xml:31:22-76
uses-permission#android.permission.READ_PHONE_STATE
ADDED from src\main\AndroidManifest.xml:32:5-74
	android:name
		ADDED from src\main\AndroidManifest.xml:32:22-72
uses-permission#android.permission.CHANGE_WIFI_STATE
ADDED from src\main\AndroidManifest.xml:33:5-75
	android:name
		ADDED from src\main\AndroidManifest.xml:33:22-73
uses-permission#android.permission.ACCESS_WIFI_STATE
ADDED from src\main\AndroidManifest.xml:34:5-75
	android:name
		ADDED from src\main\AndroidManifest.xml:34:22-73
uses-permission#android.permission.CHANGE_CONFIGURATION
ADDED from src\main\AndroidManifest.xml:35:5-78
	android:name
		ADDED from src\main\AndroidManifest.xml:35:22-76
uses-permission#android.permission.WAKE_LOCK
ADDED from src\main\AndroidManifest.xml:36:5-67
	android:name
		ADDED from src\main\AndroidManifest.xml:36:22-65
uses-permission#android.permission.WRITE_SETTINGS
ADDED from src\main\AndroidManifest.xml:37:5-72
	android:name
		ADDED from src\main\AndroidManifest.xml:37:22-70
uses-permission#android.permission.MANAGE_ACCOUNTS
ADDED from src\main\AndroidManifest.xml:40:5-73
	android:name
		ADDED from src\main\AndroidManifest.xml:40:22-71
uses-permission#android.permission.KILL_BACKGROUND_PROCESSES
ADDED from src\main\AndroidManifest.xml:43:5-83
	android:name
		ADDED from src\main\AndroidManifest.xml:43:22-81
application
ADDED from src\main\AndroidManifest.xml:45:5-116:19
MERGED from [retrofitokhttprxjava:OneKeyShareNew:unspecified] AndroidManifest.xml:18:5-21:19
MERGED from [retrofitokhttprxjava:tpnet:unspecified] AndroidManifest.xml:9:5-13:19
MERGED from [retrofitokhttprxjava:utils-box:unspecified] AndroidManifest.xml:9:5-13:19
MERGED from [de.hdodenhof:circleimageview:2.0.0] AndroidManifest.xml:9:5-20
MERGED from [in.srain.cube:ultra-ptr:1.0.11] AndroidManifest.xml:11:5-20
MERGED from [com.android.support:design:25.1.0] AndroidManifest.xml:25:5-20
MERGED from [com.android.support:transition:25.1.0] AndroidManifest.xml:22:5-20
MERGED from [com.android.support:appcompat-v7:25.1.0] AndroidManifest.xml:25:5-20
MERGED from [com.android.support:support-v4:25.1.0] AndroidManifest.xml:25:5-20
MERGED from [com.android.support:support-fragment:25.1.0] AndroidManifest.xml:25:5-20
MERGED from [com.android.support:support-media-compat:25.1.0] AndroidManifest.xml:25:5-20
MERGED from [com.android.support:support-core-ui:25.1.0] AndroidManifest.xml:25:5-20
MERGED from [com.android.support:support-core-utils:25.1.0] AndroidManifest.xml:25:5-20
MERGED from [com.android.support:animated-vector-drawable:25.1.0] AndroidManifest.xml:22:5-20
MERGED from [com.android.support:support-vector-drawable:25.1.0] AndroidManifest.xml:23:5-20
MERGED from [com.android.support:support-compat:25.1.0] AndroidManifest.xml:25:5-20
	android:label
		ADDED from src\main\AndroidManifest.xml:49:9-41
	android:supportsRtl
		ADDED from [retrofitokhttprxjava:tpnet:unspecified] AndroidManifest.xml:12:9-35
	android:debuggable
		ADDED from [retrofitokhttprxjava:OneKeyShareNew:unspecified] AndroidManifest.xml:20:9-34
	android:allowBackup
		ADDED from src\main\AndroidManifest.xml:47:9-35
	android:icon
		ADDED from src\main\AndroidManifest.xml:48:9-45
	android:theme
		ADDED from src\main\AndroidManifest.xml:50:9-40
	android:name
		ADDED from src\main\AndroidManifest.xml:46:9-48
activity#com.example.retrofitokrxtest.ui.demomvp.MvpDemoActivity
ADDED from src\main\AndroidManifest.xml:69:9-72:20
	android:label
		ADDED from src\main\AndroidManifest.xml:71:13-60
	android:name
		ADDED from src\main\AndroidManifest.xml:70:13-83
activity#com.baseapp.MainActivity
ADDED from src\main\AndroidManifest.xml:73:9-81:20
	android:label
		ADDED from src\main\AndroidManifest.xml:75:13-32
	android:name
		ADDED from src\main\AndroidManifest.xml:74:13-52
intent-filter#android.intent.action.MAIN+android.intent.category.LAUNCHER
ADDED from src\main\AndroidManifest.xml:76:13-80:29
action#android.intent.action.MAIN
ADDED from src\main\AndroidManifest.xml:77:17-68
	android:name
		ADDED from src\main\AndroidManifest.xml:77:25-66
category#android.intent.category.LAUNCHER
ADDED from src\main\AndroidManifest.xml:79:17-76
	android:name
		ADDED from src\main\AndroidManifest.xml:79:27-74
activity#com.baseapp.comm.WebViewActivity
ADDED from src\main\AndroidManifest.xml:82:9-83:20
	android:name
		ADDED from src\main\AndroidManifest.xml:82:19-66
activity#com.example.retrofitokrxtest.ui.demomvp.ListViewDemoActivity
ADDED from src\main\AndroidManifest.xml:84:9-85:20
	android:name
		ADDED from src\main\AndroidManifest.xml:84:19-94
activity#com.chinamobile.yunnan.wxapi.DemoShareActivity
ADDED from src\main\AndroidManifest.xml:86:9-92
	android:name
		ADDED from src\main\AndroidManifest.xml:86:19-80
activity#com.mob.tools.MobUIShell
ADDED from src\main\AndroidManifest.xml:88:13-107:24
	android:screenOrientation
		ADDED from src\main\AndroidManifest.xml:92:17-53
	android:windowSoftInputMode
		ADDED from src\main\AndroidManifest.xml:93:17-71
	android:configChanges
		ADDED from src\main\AndroidManifest.xml:91:17-78
	android:theme
		ADDED from src\main\AndroidManifest.xml:90:17-76
	android:name
		ADDED from src\main\AndroidManifest.xml:89:17-56
intent-filter#android.intent.action.VIEW+android.intent.category.BROWSABLE+android.intent.category.DEFAULT
ADDED from src\main\AndroidManifest.xml:95:17-100:33
data
ADDED from src\main\AndroidManifest.xml:96:21-64
	android:scheme
		ADDED from src\main\AndroidManifest.xml:96:27-61
action#android.intent.action.VIEW
ADDED from src\main\AndroidManifest.xml:97:21-73
	android:name
		ADDED from src\main\AndroidManifest.xml:97:29-70
category#android.intent.category.BROWSABLE
ADDED from src\main\AndroidManifest.xml:98:21-82
	android:name
		ADDED from src\main\AndroidManifest.xml:98:31-79
category#android.intent.category.DEFAULT
ADDED from src\main\AndroidManifest.xml:99:21-80
	android:name
		ADDED from src\main\AndroidManifest.xml:99:31-77
intent-filter#android.intent.category.DEFAULT+com.sina.weibo.sdk.action.ACTION_SDK_REQ_ACTIVITY
ADDED from src\main\AndroidManifest.xml:103:17-106:33
action#com.sina.weibo.sdk.action.ACTION_SDK_REQ_ACTIVITY
ADDED from src\main\AndroidManifest.xml:104:21-96
	android:name
		ADDED from src\main\AndroidManifest.xml:104:29-93
activity#com.chinamobile.yunnan.wxapi.WXEntryActivity
ADDED from src\main\AndroidManifest.xml:110:13-115:56
	android:screenOrientation
		ADDED from src\main\AndroidManifest.xml:115:17-53
	android:exported
		ADDED from src\main\AndroidManifest.xml:114:17-40
	android:configChanges
		ADDED from src\main\AndroidManifest.xml:113:17-78
	android:theme
		ADDED from src\main\AndroidManifest.xml:112:17-76
	android:name
		ADDED from src\main\AndroidManifest.xml:111:17-76
supports-screens
ADDED from [retrofitokhttprxjava:OneKeyShareNew:unspecified] AndroidManifest.xml:11:5-16:39
	android:largeScreens
		ADDED from [retrofitokhttprxjava:OneKeyShareNew:unspecified] AndroidManifest.xml:13:9-36
	android:smallScreens
		ADDED from [retrofitokhttprxjava:OneKeyShareNew:unspecified] AndroidManifest.xml:16:9-36
	android:normalScreens
		ADDED from [retrofitokhttprxjava:OneKeyShareNew:unspecified] AndroidManifest.xml:14:9-37
	android:resizeable
		ADDED from [retrofitokhttprxjava:OneKeyShareNew:unspecified] AndroidManifest.xml:15:9-34
	android:anyDensity
		ADDED from [retrofitokhttprxjava:OneKeyShareNew:unspecified] AndroidManifest.xml:12:9-34